This is pdfTeX, Version 3.141592653-2.6-1.40.22 (MiKTeX 21.2) (preloaded format=latex 2021.6.4)  4 JUN 2021 16:49
entering extended mode
**"C:/Users/Simon Sandvik Lee/Documents/GitHub/Programmering-og-modellering/Man
im/media/Tex/1706982b8d645b42.tex"

(C:/Users/Simon Sandvik Lee/Documents/GitHub/Programmering-og-modellering/Manim
/media/Tex/1706982b8d645b42.tex
LaTeX2e <2020-10-01> patch level 4
L3 programming layer <2021-02-18> xparse <2020-03-03>
(C:\Users\Simon Sandvik Lee\AppData\Local\Programs\MiKTeX\tex/latex/standalone\
standalone.cls
Document Class: standalone 2018/03/26 v1.3a Class to compile TeX sub-files stan
dalone

(C:\Users\Simon Sandvik Lee\AppData\Local\Programs\MiKTeX\tex/latex/latex-tools
\shellesc.sty
Package: shellesc 2019/11/08 v1.0c unified shell escape interface for LaTeX
Package shellesc Info: Restricted shell escape enabled on input line 77.
)
(C:\Users\Simon Sandvik Lee\AppData\Local\Programs\MiKTeX\tex/generic/iftex\ifl
uatex.sty
Package: ifluatex 2019/10/25 v1.5 ifluatex legacy package. Use iftex instead.

(C:\Users\Simon Sandvik Lee\AppData\Local\Programs\MiKTeX\tex/generic/iftex\ift
ex.sty
Package: iftex 2020/03/06 v1.0d TeX engine tests
))
(C:\Users\Simon Sandvik Lee\AppData\Local\Programs\MiKTeX\tex/latex/xkeyval\xke
yval.sty
Package: xkeyval 2020/11/20 v2.8 package option processing (HA)

(C:\Users\Simon Sandvik Lee\AppData\Local\Programs\MiKTeX\tex/generic/xkeyval\x
keyval.tex
(C:\Users\Simon Sandvik Lee\AppData\Local\Programs\MiKTeX\tex/generic/xkeyval\x
kvutils.tex
\XKV@toks=\toks15
\XKV@tempa@toks=\toks16

(C:\Users\Simon Sandvik Lee\AppData\Local\Programs\MiKTeX\tex/generic/xkeyval\k
eyval.tex))
\XKV@depth=\count179
File: xkeyval.tex 2014/12/03 v2.7a key=value parser (HA)
))
\sa@internal=\count180
\c@sapage=\count181

(C:\Users\Simon Sandvik Lee\AppData\Local\Programs\MiKTeX\tex/latex/standalone\
standalone.cfg
File: standalone.cfg 2018/03/26 v1.3a Default configuration file for 'standalon
e' class
)
(C:\Users\Simon Sandvik Lee\AppData\Local\Programs\MiKTeX\tex/latex/base\articl
e.cls
Document Class: article 2020/04/10 v1.4m Standard LaTeX document class

(C:\Users\Simon Sandvik Lee\AppData\Local\Programs\MiKTeX\tex/latex/base\size10
.clo
File: size10.clo 2020/04/10 v1.4m Standard LaTeX file (size option)
)
\c@part=\count182
\c@section=\count183
\c@subsection=\count184
\c@subsubsection=\count185
\c@paragraph=\count186
\c@subparagraph=\count187
\c@figure=\count188
\c@table=\count189
\abovecaptionskip=\skip47
\belowcaptionskip=\skip48
\bibindent=\dimen138
)
(C:\Users\Simon Sandvik Lee\AppData\Local\Programs\MiKTeX\tex/latex/preview\pre
view.sty
Package: preview 2017/04/24 12.3 (AUCTeX/preview-latex)

(C:\Users\Simon Sandvik Lee\AppData\Local\Programs\MiKTeX\tex/generic/luatex85\
luatex85.sty
Package: luatex85 2016/06/15 v1.4 pdftex aliases for luatex
)
(C:\Users\Simon Sandvik Lee\AppData\Local\Programs\MiKTeX\tex/latex/preview\prt
ightpage.def
\PreviewBorder=\dimen139
)
\pr@snippet=\count190
\pr@box=\box47
\pr@output=\toks17
))
(C:\Users\Simon Sandvik Lee\AppData\Local\Programs\MiKTeX\tex/generic/babel\bab
el.sty
Package: babel 2021/01/26 3.53 The Babel package

(C:\Users\Simon Sandvik Lee\AppData\Local\Programs\MiKTeX\tex/generic/babel\bab
el.def
File: babel.def 2021/01/26 3.53 Babel common definitions
\babel@savecnt=\count191
\U@D=\dimen140
\l@babelnohyphens=\language79

(C:\Users\Simon Sandvik Lee\AppData\Local\Programs\MiKTeX\tex/generic/babel\txt
babel.def)
\bbl@readstream=\read2
)
\bbl@dirlevel=\count192
*************************************
* Local config file bblopts.cfg used
*

(C:\Users\Simon Sandvik Lee\AppData\Local\Programs\MiKTeX\tex/latex/arabi\bblop
ts.cfg
File: bblopts.cfg 2005/09/08 v0.1 add Arabic and Farsi to "declared" options of
 babel
)
(C:\Users\Simon Sandvik Lee\AppData\Local\Programs\MiKTeX\tex/latex/babel-engli
sh\english.ldf
Language: english 2017/06/06 v3.3r English support from the babel system
Package babel Info: \l@canadian = using hyphenrules for english
(babel)             (\language0) on input line 102.
Package babel Info: \l@australian = using hyphenrules for ukenglish
(babel)             (\language73) on input line 105.
Package babel Info: \l@newzealand = using hyphenrules for ukenglish
(babel)             (\language73) on input line 108.
))
(C:\Users\Simon Sandvik Lee\AppData\Local\Programs\MiKTeX\tex/latex/base\inpute
nc.sty
Package: inputenc 2020/08/01 v1.3d Input encoding file
\inpenc@prehook=\toks18
\inpenc@posthook=\toks19
)
(C:\Users\Simon Sandvik Lee\AppData\Local\Programs\MiKTeX\tex/latex/base\fonten
c.sty
Package: fontenc 2020/08/10 v2.0s Standard LaTeX package
)
(C:\Users\Simon Sandvik Lee\AppData\Local\Programs\MiKTeX\tex/latex/amsmath\ams
math.sty
Package: amsmath 2020/09/23 v2.17i AMS math features
\@mathmargin=\skip49
For additional information on amsmath, use the `?' option.

(C:\Users\Simon Sandvik Lee\AppData\Local\Programs\MiKTeX\tex/latex/amsmath\ams
text.sty
Package: amstext 2000/06/29 v2.01 AMS text

(C:\Users\Simon Sandvik Lee\AppData\Local\Programs\MiKTeX\tex/latex/amsmath\ams
gen.sty
File: amsgen.sty 1999/11/30 v2.0 generic functions
\@emptytoks=\toks20
\ex@=\dimen141
))
(C:\Users\Simon Sandvik Lee\AppData\Local\Programs\MiKTeX\tex/latex/amsmath\ams
bsy.sty
Package: amsbsy 1999/11/29 v1.2d Bold Symbols
\pmbraise@=\dimen142
)
(C:\Users\Simon Sandvik Lee\AppData\Local\Programs\MiKTeX\tex/latex/amsmath\ams
opn.sty
Package: amsopn 2016/03/08 v2.02 operator names
)
\inf@bad=\count193
LaTeX Info: Redefining \frac on input line 234.
\uproot@=\count194
\leftroot@=\count195
LaTeX Info: Redefining \overline on input line 399.
\classnum@=\count196
\DOTSCASE@=\count197
LaTeX Info: Redefining \ldots on input line 496.
LaTeX Info: Redefining \dots on input line 499.
LaTeX Info: Redefining \cdots on input line 620.
\Mathstrutbox@=\box48
\strutbox@=\box49
\big@size=\dimen143
LaTeX Font Info:    Redeclaring font encoding OML on input line 743.
LaTeX Font Info:    Redeclaring font encoding OMS on input line 744.
\macc@depth=\count198
\c@MaxMatrixCols=\count199
\dotsspace@=\muskip16
\c@parentequation=\count266
\dspbrk@lvl=\count267
\tag@help=\toks21
\row@=\count268
\column@=\count269
\maxfields@=\count270
\andhelp@=\toks22
\eqnshift@=\dimen144
\alignsep@=\dimen145
\tagshift@=\dimen146
\tagwidth@=\dimen147
\totwidth@=\dimen148
\lineht@=\dimen149
\@envbody=\toks23
\multlinegap=\skip50
\multlinetaggap=\skip51
\mathdisplay@stack=\toks24
LaTeX Info: Redefining \[ on input line 2923.
LaTeX Info: Redefining \] on input line 2924.
)
(C:\Users\Simon Sandvik Lee\AppData\Local\Programs\MiKTeX\tex/latex/amsfonts\am
ssymb.sty
Package: amssymb 2013/01/14 v3.01 AMS font symbols

(C:\Users\Simon Sandvik Lee\AppData\Local\Programs\MiKTeX\tex/latex/amsfonts\am
sfonts.sty
Package: amsfonts 2013/01/14 v3.01 Basic AMSFonts support
\symAMSa=\mathgroup4
\symAMSb=\mathgroup5
LaTeX Font Info:    Redeclaring math symbol \hbar on input line 98.
LaTeX Font Info:    Overwriting math alphabet `\mathfrak' in version `bold'
(Font)                  U/euf/m/n --> U/euf/b/n on input line 106.
))
(C:\Users\Simon Sandvik Lee\AppData\Local\Programs\MiKTeX\tex/latex/doublestrok
e\dsfont.sty
Package: dsfont 1995/08/01 v0.1 Double stroke roman fonts
)
(C:\Users\Simon Sandvik Lee\AppData\Local\Programs\MiKTeX\tex/latex/setspace\se
tspace.sty
Package: setspace 2011/12/19 v6.7a set line spacing
)
(C:\Users\Simon Sandvik Lee\AppData\Local\Programs\MiKTeX\tex/latex/tipa\tipa.s
ty
Package: tipa 2002/08/08 TIPA version 1.1

(C:\Users\Simon Sandvik Lee\AppData\Local\Programs\MiKTeX\tex/latex/base\fonten
c.sty
Package: fontenc 2020/08/10 v2.0s Standard LaTeX package

(C:\Users\Simon Sandvik Lee\AppData\Local\Programs\MiKTeX\tex/latex/tipa\t3enc.
def
File: t3enc.def 2001/12/31 T3 encoding
Now handling font encoding T3 ...
... no UTF-8 mapping file for font encoding T3
LaTeX Font Info:    Trying to load font information for T1+cmss on input line 3
57.

(C:\Users\Simon Sandvik Lee\AppData\Local\Programs\MiKTeX\tex/latex/base\t1cmss
.fd
File: t1cmss.fd 2019/12/16 v2.5j Standard LaTeX font definitions
))))
(C:\Users\Simon Sandvik Lee\AppData\Local\Programs\MiKTeX\tex/latex/relsize\rel
size.sty
Package: relsize 2013/03/29 ver 4.1
)
(C:\Users\Simon Sandvik Lee\AppData\Local\Programs\MiKTeX\tex/latex/base\textco
mp.sty
Package: textcomp 2020/02/02 v2.0n Standard LaTeX package
)
(C:\Users\Simon Sandvik Lee\AppData\Local\Programs\MiKTeX\tex/latex/jknappen\ma
thrsfs.sty
Package: mathrsfs 1996/01/01 Math RSFS package v1.0 (jk)
\symrsfs=\mathgroup6
)
(C:\Users\Simon Sandvik Lee\AppData\Local\Programs\MiKTeX\tex/latex/fundus-call
igra\calligra.sty
Package: calligra 2012/04/10 v1.9 LaTeX package calligra
)
(C:\Users\Simon Sandvik Lee\AppData\Local\Programs\MiKTeX\tex/latex/wasysym\was
ysym.sty
Package: wasysym 2020/01/19 v2.4 Wasy-2 symbol support package
\symwasy=\mathgroup7
LaTeX Font Info:    Overwriting symbol font `wasy' in version `bold'
(Font)                  U/wasy/m/n --> U/wasy/b/n on input line 93.
)
(C:\Users\Simon Sandvik Lee\AppData\Local\Programs\MiKTeX\tex/latex/ragged2e\ra
gged2e.sty
Package: ragged2e 2021/02/05 v3.0 ragged2e Package

(C:\Users\Simon Sandvik Lee\AppData\Local\Programs\MiKTeX\tex/latex/everysel\ev
erysel.sty
Package: everysel 2021/01/20 v2.1 EverySelectfont Package (MS)

(C:\Users\Simon Sandvik Lee\AppData\Local\Programs\MiKTeX\tex/latex/everysel\ev
erysel-2011-10-28.sty))
\CenteringLeftskip=\skip52
\RaggedLeftLeftskip=\skip53
\RaggedRightLeftskip=\skip54
\CenteringRightskip=\skip55
\RaggedLeftRightskip=\skip56
\RaggedRightRightskip=\skip57
\CenteringParfillskip=\skip58
\RaggedLeftParfillskip=\skip59
\RaggedRightParfillskip=\skip60
\JustifyingParfillskip=\skip61
\CenteringParindent=\skip62
\RaggedLeftParindent=\skip63
\RaggedRightParindent=\skip64
\JustifyingParindent=\skip65
)
(C:\Users\Simon Sandvik Lee\AppData\Local\Programs\MiKTeX\tex/latex/physics\phy
sics.sty
Package: physics 

(C:\Users\Simon Sandvik Lee\AppData\Local\Programs\MiKTeX\tex/latex/l3packages/
xparse\xparse.sty
(C:\Users\Simon Sandvik Lee\AppData\Local\Programs\MiKTeX\tex/latex/l3kernel\ex
pl3.sty
Package: expl3 2021-02-18 L3 programming layer (loader) 

(C:\Users\Simon Sandvik Lee\AppData\Local\Programs\MiKTeX\tex/latex/l3backend\l
3backend-dvips.def
File: l3backend-dvips.def 2021-02-18 L3 backend support: dvips
\l__pdf_internal_box=\box50
\g__pdf_backend_object_int=\count271
\l__pdf_backend_content_box=\box51
\l__pdf_backend_model_box=\box52
\g__pdf_backend_annotation_int=\count272
\g__pdf_backend_link_int=\count273
\g__pdf_backend_link_sf_int=\count274
))
Package: xparse 2020-10-27 L3 Experimental document command parser

(C:\Users\Simon Sandvik Lee\AppData\Local\Programs\MiKTeX\tex/latex/l3packages/
xparse\xparse-generic.tex)))
(C:\Users\Simon Sandvik Lee\AppData\Local\Programs\MiKTeX\tex/latex/xcolor\xcol
or.sty
Package: xcolor 2016/05/11 v2.12 LaTeX color extensions (UK)

(C:\Users\Simon Sandvik Lee\AppData\Local\Programs\MiKTeX\tex/latex/graphics-cf
g\color.cfg
File: color.cfg 2016/01/02 v1.6 sample color configuration
)
Package xcolor Info: Driver file: dvips.def on input line 225.

(C:\Users\Simon Sandvik Lee\AppData\Local\Programs\MiKTeX\tex/latex/graphics-de
f\dvips.def
File: dvips.def 2017/06/20 v3.1d Graphics/color driver for dvips
)
Package xcolor Info: Model `cmy' substituted by `cmy0' on input line 1348.
Package xcolor Info: Model `RGB' extended on input line 1364.
Package xcolor Info: Model `HTML' substituted by `rgb' on input line 1366.
Package xcolor Info: Model `Hsb' substituted by `hsb' on input line 1367.
Package xcolor Info: Model `tHsb' substituted by `hsb' on input line 1368.
Package xcolor Info: Model `HSB' substituted by `hsb' on input line 1369.
Package xcolor Info: Model `Gray' substituted by `gray' on input line 1370.
Package xcolor Info: Model `wave' substituted by `hsb' on input line 1371.
)
(C:\Users\Simon Sandvik Lee\AppData\Local\Programs\MiKTeX\tex/latex/microtype\m
icrotype.sty
Package: microtype 2021/03/14 v2.8c Micro-typographical refinements (RS)
\MT@toks=\toks25
\MT@count=\count275
LaTeX Info: Redefining \textls on input line 790.
\MT@outer@kern=\dimen150
LaTeX Info: Redefining \textmicrotypecontext on input line 1374.
\MT@listname@count=\count276

(C:\Users\Simon Sandvik Lee\AppData\Local\Programs\MiKTeX\tex/latex/microtype\m
icrotype-pdftex.def
File: microtype-pdftex.def 2021/03/14 v2.8c Definitions specific to pdftex (RS)

LaTeX Info: Redefining \lsstyle on input line 915.
LaTeX Info: Redefining \lslig on input line 915.
\MT@outer@space=\skip66
)
Package microtype Info: Loading configuration file microtype.cfg.

(C:\Users\Simon Sandvik Lee\AppData\Local\Programs\MiKTeX\tex/latex/microtype\m
icrotype.cfg
File: microtype.cfg 2021/03/14 v2.8c microtype main configuration file (RS)
))
No file 1706982b8d645b42.aux.
\openout1 = `1706982b8d645b42.aux'.

LaTeX Font Info:    Checking defaults for OML/cmm/m/it on input line 24.
LaTeX Font Info:    ... okay on input line 24.
LaTeX Font Info:    Checking defaults for OMS/cmsy/m/n on input line 24.
LaTeX Font Info:    ... okay on input line 24.
LaTeX Font Info:    Checking defaults for OT1/cmr/m/n on input line 24.
LaTeX Font Info:    ... okay on input line 24.
LaTeX Font Info:    Checking defaults for T1/cmr/m/n on input line 24.
LaTeX Font Info:    ... okay on input line 24.
LaTeX Font Info:    Checking defaults for TS1/cmr/m/n on input line 24.
LaTeX Font Info:    ... okay on input line 24.
LaTeX Font Info:    Checking defaults for OMX/cmex/m/n on input line 24.
LaTeX Font Info:    ... okay on input line 24.
LaTeX Font Info:    Checking defaults for U/cmr/m/n on input line 24.
LaTeX Font Info:    ... okay on input line 24.
LaTeX Font Info:    Checking defaults for T3/cmr/m/n on input line 24.
LaTeX Font Info:    Trying to load font information for T3+cmr on input line 24
.

(C:\Users\Simon Sandvik Lee\AppData\Local\Programs\MiKTeX\tex/latex/tipa\t3cmr.
fd
File: t3cmr.fd 2001/12/31 TIPA font definitions
)
LaTeX Font Info:    ... okay on input line 24.
Preview: Fontsize 10pt
ABD: EverySelectfont initializing macros
LaTeX Info: Redefining \selectfont on input line 24.
LaTeX Info: Redefining \microtypecontext on input line 24.
Package microtype Info: Generating DVI output.
Package microtype Info: Character protrusion enabled (level 2).
Package microtype Info: Using default protrusion set `alltext'.
Package microtype Info: No font expansion.
Package microtype Info: No adjustment of tracking.
Package microtype Info: No adjustment of interword spacing.
Package microtype Info: No adjustment of character kerning.

(C:\Users\Simon Sandvik Lee\AppData\Local\Programs\MiKTeX\tex/latex/microtype\m
t-cmr.cfg
File: mt-cmr.cfg 2013/05/19 v2.2 microtype config. file: Computer Modern Roman 
(RS)
)
Preview: Tightpage 0 0 0 0
[1]
(C:/Users\Simon Sandvik Lee\Documents\GitHub\Programmering-og-modellering\Manim
\media\Tex\1706982b8d645b42.aux) ) 
Here is how much of TeX's memory you used:
 7135 strings out of 479335
 106495 string characters out of 2851373
 441173 words of memory out of 3000000
 24493 multiletter control sequences out of 15000+200000
 407235 words of font info for 32 fonts, out of 3000000 for 9000
 1141 hyphenation exceptions out of 8191
 81i,1n,89p,433b,169s stack positions out of 5000i,500n,10000p,200000b,50000s

Output written on "C:/Users\Simon Sandvik Lee\Documents\GitHub\Programmering-og
-modellering\Manim\media\Tex\1706982b8d645b42.dvi" (1 page, 1664 bytes).
